mode: set
github.com/nomadcoders/utils/utils.go:18.27,19.16 1 1
github.com/nomadcoders/utils/utils.go:19.16,21.3 1 1
github.com/nomadcoders/utils/utils.go:25.36,30.2 4 1
github.com/nomadcoders/utils/utils.go:33.44,38.2 2 1
github.com/nomadcoders/utils/utils.go:41.33,45.2 3 1
github.com/nomadcoders/utils/utils.go:48.46,51.18 2 1
github.com/nomadcoders/utils/utils.go:54.2,54.13 1 1
github.com/nomadcoders/utils/utils.go:51.18,53.3 1 1
github.com/nomadcoders/utils/utils.go:58.35,62.2 3 1
github.com/nomadcoders/wallet/wallet.go:29.35,32.2 2 0
github.com/nomadcoders/wallet/wallet.go:34.74,36.2 1 0
github.com/nomadcoders/wallet/wallet.go:38.52,40.2 1 0
github.com/nomadcoders/wallet/wallet.go:51.36,55.2 3 1
github.com/nomadcoders/wallet/wallet.go:57.40,64.2 4 1
github.com/nomadcoders/wallet/wallet.go:66.43,73.2 5 1
github.com/nomadcoders/wallet/wallet.go:75.40,78.2 2 1
github.com/nomadcoders/wallet/wallet.go:80.43,82.2 1 1
github.com/nomadcoders/wallet/wallet.go:84.44,90.2 5 1
github.com/nomadcoders/wallet/wallet.go:92.58,102.2 8 1
github.com/nomadcoders/wallet/wallet.go:106.68,119.2 7 1
github.com/nomadcoders/wallet/wallet.go:121.23,122.14 1 1
github.com/nomadcoders/wallet/wallet.go:137.2,137.10 1 1
github.com/nomadcoders/wallet/wallet.go:122.14,125.28 2 1
github.com/nomadcoders/wallet/wallet.go:134.3,134.35 1 1
github.com/nomadcoders/wallet/wallet.go:125.28,128.4 1 1
github.com/nomadcoders/wallet/wallet.go:128.9,133.4 3 1
github.com/nomadcoders/blockchain/block.go:22.29,25.2 1 1
github.com/nomadcoders/blockchain/block.go:29.38,31.2 1 1
github.com/nomadcoders/blockchain/block.go:33.45,35.23 2 1
github.com/nomadcoders/blockchain/block.go:38.2,41.19 3 1
github.com/nomadcoders/blockchain/block.go:35.23,37.3 1 1
github.com/nomadcoders/blockchain/block.go:44.24,48.6 3 1
github.com/nomadcoders/blockchain/block.go:48.6,52.38 3 1
github.com/nomadcoders/blockchain/block.go:52.38,54.9 2 1
github.com/nomadcoders/blockchain/block.go:55.9,57.4 1 1
github.com/nomadcoders/blockchain/block.go:61.60,75.2 5 1
github.com/nomadcoders/blockchain/chain.go:38.43,40.2 1 1
github.com/nomadcoders/blockchain/chain.go:42.40,49.2 6 1
github.com/nomadcoders/blockchain/chain.go:51.39,54.2 1 1
github.com/nomadcoders/blockchain/chain.go:56.52,60.2 3 0
github.com/nomadcoders/blockchain/chain.go:62.42,67.6 5 1
github.com/nomadcoders/blockchain/chain.go:76.2,76.15 1 1
github.com/nomadcoders/blockchain/chain.go:67.6,70.27 3 1
github.com/nomadcoders/blockchain/chain.go:70.27,72.4 1 1
github.com/nomadcoders/blockchain/chain.go:72.9,73.9 1 1
github.com/nomadcoders/blockchain/chain.go:79.47,86.49 6 0
github.com/nomadcoders/blockchain/chain.go:86.49,88.3 1 0
github.com/nomadcoders/blockchain/chain.go:88.8,88.56 1 0
github.com/nomadcoders/blockchain/chain.go:88.56,90.3 1 0
github.com/nomadcoders/blockchain/chain.go:90.8,92.3 1 0
github.com/nomadcoders/blockchain/chain.go:95.39,96.19 1 1
github.com/nomadcoders/blockchain/chain.go:96.19,101.3 1 1
github.com/nomadcoders/blockchain/chain.go:101.8,101.45 1 0
github.com/nomadcoders/blockchain/chain.go:101.45,103.3 1 0
github.com/nomadcoders/blockchain/chain.go:103.8,105.3 1 0
github.com/nomadcoders/blockchain/chain.go:108.31,110.39 2 0
github.com/nomadcoders/blockchain/chain.go:113.2,113.12 1 0
github.com/nomadcoders/blockchain/chain.go:110.39,112.3 1 0
github.com/nomadcoders/blockchain/chain.go:116.45,117.28 1 0
github.com/nomadcoders/blockchain/chain.go:122.2,122.12 1 0
github.com/nomadcoders/blockchain/chain.go:117.28,118.20 1 0
github.com/nomadcoders/blockchain/chain.go:118.20,120.4 1 0
github.com/nomadcoders/blockchain/chain.go:125.64,129.39 3 0
github.com/nomadcoders/blockchain/chain.go:154.2,154.16 1 0
github.com/nomadcoders/blockchain/chain.go:129.39,130.41 1 0
github.com/nomadcoders/blockchain/chain.go:130.41,131.35 1 0
github.com/nomadcoders/blockchain/chain.go:141.4,141.41 1 0
github.com/nomadcoders/blockchain/chain.go:131.35,132.38 1 0
github.com/nomadcoders/blockchain/chain.go:135.5,135.80 1 0
github.com/nomadcoders/blockchain/chain.go:132.38,133.11 1 0
github.com/nomadcoders/blockchain/chain.go:135.80,138.6 1 0
github.com/nomadcoders/blockchain/chain.go:141.41,143.34 1 0
github.com/nomadcoders/blockchain/chain.go:143.34,144.38 1 0
github.com/nomadcoders/blockchain/chain.go:144.38,146.31 2 0
github.com/nomadcoders/blockchain/chain.go:146.31,148.8 1 0
github.com/nomadcoders/blockchain/chain.go:157.63,160.31 3 0
github.com/nomadcoders/blockchain/chain.go:163.2,163.15 1 0
github.com/nomadcoders/blockchain/chain.go:160.31,162.3 1 0
github.com/nomadcoders/blockchain/chain.go:166.31,167.17 1 1
github.com/nomadcoders/blockchain/chain.go:178.2,178.10 1 1
github.com/nomadcoders/blockchain/chain.go:167.17,172.24 3 1
github.com/nomadcoders/blockchain/chain.go:172.24,174.4 1 1
github.com/nomadcoders/blockchain/chain.go:174.9,176.4 1 1
github.com/nomadcoders/blockchain/chain.go:181.50,192.34 8 0
github.com/nomadcoders/blockchain/chain.go:192.34,194.3 1 0
github.com/nomadcoders/blockchain/chain.go:197.52,212.43 10 0
github.com/nomadcoders/blockchain/chain.go:212.43,214.9 2 0
github.com/nomadcoders/blockchain/chain.go:214.9,216.4 1 0
github.com/nomadcoders/blockchain/transcations.go:26.25,27.20 1 1
github.com/nomadcoders/blockchain/transcations.go:32.2,32.10 1 1
github.com/nomadcoders/blockchain/transcations.go:27.20,31.3 1 1
github.com/nomadcoders/blockchain/transcations.go:59.22,61.2 1 1
github.com/nomadcoders/blockchain/transcations.go:63.21,64.31 1 0
github.com/nomadcoders/blockchain/transcations.go:64.31,67.3 1 0
github.com/nomadcoders/blockchain/transcations.go:70.28,72.32 2 0
github.com/nomadcoders/blockchain/transcations.go:85.2,85.14 1 0
github.com/nomadcoders/blockchain/transcations.go:72.32,74.20 2 0
github.com/nomadcoders/blockchain/transcations.go:78.3,81.13 3 0
github.com/nomadcoders/blockchain/transcations.go:74.20,76.9 2 0
github.com/nomadcoders/blockchain/transcations.go:81.13,82.9 1 0
github.com/nomadcoders/blockchain/transcations.go:88.41,104.2 5 1
github.com/nomadcoders/blockchain/transcations.go:109.65,110.59 1 0
github.com/nomadcoders/blockchain/transcations.go:114.2,119.33 5 0
github.com/nomadcoders/blockchain/transcations.go:127.2,127.42 1 0
github.com/nomadcoders/blockchain/transcations.go:131.2,142.12 7 0
github.com/nomadcoders/blockchain/transcations.go:145.2,145.16 1 0
github.com/nomadcoders/blockchain/transcations.go:110.59,112.3 1 0
github.com/nomadcoders/blockchain/transcations.go:119.33,120.22 1 0
github.com/nomadcoders/blockchain/transcations.go:123.3,125.25 3 0
github.com/nomadcoders/blockchain/transcations.go:120.22,121.9 1 0
github.com/nomadcoders/blockchain/transcations.go:127.42,130.3 2 0
github.com/nomadcoders/blockchain/transcations.go:142.12,144.3 1 0
github.com/nomadcoders/blockchain/transcations.go:148.61,151.16 2 0
github.com/nomadcoders/blockchain/transcations.go:154.2,155.16 2 0
github.com/nomadcoders/blockchain/transcations.go:151.16,153.3 1 0
github.com/nomadcoders/blockchain/transcations.go:158.39,161.27 3 1
github.com/nomadcoders/blockchain/transcations.go:164.2,166.12 3 1
github.com/nomadcoders/blockchain/transcations.go:161.27,163.3 1 1
github.com/nomadcoders/blockchain/transcations.go:169.39,172.35 2 0
github.com/nomadcoders/blockchain/transcations.go:181.2,181.15 1 0
github.com/nomadcoders/blockchain/transcations.go:172.35,173.34 1 0
github.com/nomadcoders/blockchain/transcations.go:173.34,175.64 1 0
github.com/nomadcoders/blockchain/transcations.go:175.64,177.16 2 0
github.com/nomadcoders/blockchain/transcations.go:184.42,188.2 3 0
github.com/nomadcoders/blockchain/transcations.go:190.53,194.2 3 0
